Build started 8/22/2023 2:11:18 AM.
     1>Project "B:\visualCode\Project2\Project2\Project2.vcxproj" on node 2 (Build target(s)).
     1>ClCompile:
         C:\Program Files (x86)\Microsoft Visual Studio 11.0\VC\bin\CL.exe /c /I"B:\visualCode\SFML-2.4.0\include" /ZI /nologo /W3 /WX- /Od /Oy- /D _MBCS /Gm /EHsc /RTC1 /MDd /GS /fp:precise /Zc:wchar_t /Zc:forScope /Fo"Debug\\" /Fd"Debug\vc110.pdb" /Gd /TP /analyze- /errorReport:prompt game.cpp
         game.cpp
     1>b:\visualcode\project2\project2\game.cpp(21): warning C4244: 'argument' : conversion from 'time_t' to 'unsigned int', possible loss of data
     1>b:\visualcode\project2\project2\game.cpp(22): warning C4244: 'initializing' : conversion from 'double' to 'float', possible loss of data
     1>b:\visualcode\project2\project2\game.cpp(23): warning C4244: 'initializing' : conversion from 'double' to 'float', possible loss of data
     1>b:\visualcode\project2\project2\game.cpp(29): warning C4244: 'initializing' : conversion from 'double' to 'float', possible loss of data
     1>b:\visualcode\project2\project2\game.cpp(33): warning C4244: 'initializing' : conversion from 'double' to 'float', possible loss of data
     1>b:\visualcode\project2\project2\game.cpp(37): warning C4244: 'initializing' : conversion from 'int' to 'float', possible loss of data
     1>b:\visualcode\project2\project2\game.cpp(41): warning C4244: 'initializing' : conversion from 'int' to 'float', possible loss of data
     1>b:\visualcode\project2\project2\game.cpp(45): warning C4244: 'initializing' : conversion from 'double' to 'float', possible loss of data
     1>b:\visualcode\project2\project2\game.cpp(49): warning C4244: 'initializing' : conversion from 'double' to 'float', possible loss of data
     1>b:\visualcode\project2\project2\game.cpp(56): warning C4244: 'argument' : conversion from 'time_t' to 'unsigned int', possible loss of data
     1>b:\visualcode\project2\project2\game.cpp(57): warning C4244: 'initializing' : conversion from 'double' to 'float', possible loss of data
     1>b:\visualcode\project2\project2\game.cpp(58): warning C4244: 'initializing' : conversion from 'double' to 'float', possible loss of data
     1>b:\visualcode\project2\project2\game.cpp(64): warning C4244: 'initializing' : conversion from 'int' to 'float', possible loss of data
     1>b:\visualcode\project2\project2\game.cpp(68): warning C4244: 'initializing' : conversion from 'int' to 'float', possible loss of data
     1>b:\visualcode\project2\project2\game.cpp(72): warning C4244: 'initializing' : conversion from 'double' to 'float', possible loss of data
     1>b:\visualcode\project2\project2\game.cpp(76): warning C4244: 'initializing' : conversion from 'int' to 'float', possible loss of data
     1>b:\visualcode\project2\project2\game.cpp(80): warning C4244: 'initializing' : conversion from 'double' to 'float', possible loss of data
     1>b:\visualcode\project2\project2\game.cpp(84): warning C4244: 'initializing' : conversion from 'double' to 'float', possible loss of data
     1>b:\visualcode\project2\project2\game.cpp(145): warning C4244: '=' : conversion from 'int' to 'float', possible loss of data
     1>b:\visualcode\project2\project2\game.cpp(146): warning C4244: '=' : conversion from 'int' to 'float', possible loss of data
     1>b:\visualcode\project2\project2\game.cpp(160): warning C4244: 'argument' : conversion from 'double' to 'float', possible loss of data
     1>b:\visualcode\project2\project2\game.cpp(180): warning C4244: 'argument' : conversion from 'double' to 'float', possible loss of data
     1>b:\visualcode\project2\project2\game.cpp(187): warning C4244: 'argument' : conversion from 'time_t' to 'unsigned int', possible loss of data
     1>b:\visualcode\project2\project2\game.cpp(188): warning C4244: 'initializing' : conversion from 'double' to 'float', possible loss of data
     1>b:\visualcode\project2\project2\game.cpp(189): warning C4244: 'initializing' : conversion from 'double' to 'float', possible loss of data
     1>b:\visualcode\project2\project2\game.cpp(196): warning C4244: 'initializing' : conversion from 'int' to 'float', possible loss of data
     1>b:\visualcode\project2\project2\game.cpp(200): warning C4244: 'initializing' : conversion from 'int' to 'float', possible loss of data
     1>b:\visualcode\project2\project2\game.cpp(204): warning C4244: 'initializing' : conversion from 'int' to 'float', possible loss of data
     1>b:\visualcode\project2\project2\game.cpp(208): warning C4244: 'initializing' : conversion from 'double' to 'float', possible loss of data
     1>b:\visualcode\project2\project2\game.cpp(212): warning C4244: 'initializing' : conversion from 'int' to 'float', possible loss of data
     1>b:\visualcode\project2\project2\game.cpp(216): warning C4244: 'initializing' : conversion from 'int' to 'float', possible loss of data
     1>b:\visualcode\project2\project2\game.cpp(223): warning C4244: 'initializing' : conversion from 'int' to 'float', possible loss of data
     1>b:\visualcode\project2\project2\game.cpp(227): warning C4244: 'initializing' : conversion from 'int' to 'float', possible loss of data
     1>b:\visualcode\project2\project2\game.cpp(231): warning C4244: 'initializing' : conversion from 'int' to 'float', possible loss of data
     1>b:\visualcode\project2\project2\game.cpp(235): warning C4244: 'initializing' : conversion from 'int' to 'float', possible loss of data
     1>b:\visualcode\project2\project2\game.cpp(239): warning C4244: 'initializing' : conversion from 'double' to 'float', possible loss of data
     1>b:\visualcode\project2\project2\game.cpp(243): warning C4244: 'initializing' : conversion from 'int' to 'float', possible loss of data
     1>b:\visualcode\project2\project2\game.cpp(394): warning C4244: 'argument' : conversion from 'double' to 'float', possible loss of data
       Link:
         C:\Program Files (x86)\Microsoft Visual Studio 11.0\VC\bin\link.exe /ERRORREPORT:PROMPT /OUT:"B:\visualCode\Project2\Debug\Project2.exe" /INCREMENTAL /NOLOGO /LIBPATH:"B:\visualCode\SFML-2.4.0\lib" "sfml-system-d.lib" "sfml-graphics-d.lib" "sfml-audio-d.lib" "sfml-network-d.lib" "sfml-window-d.lib" kernel32.lib user32.lib gdi32.lib winspool.lib comdlg32.lib advapi32.lib shell32.lib ole32.lib oleaut32.lib uuid.lib odbc32.lib odbccp32.lib /MANIFEST /MANIFESTUAC:"level='asInvoker' uiAccess='false'" /manifest:embed /DEBUG /PDB:"B:\visualCode\Project2\Debug\Project2.pdb" /TLBID:1 /DYNAMICBASE /NXCOMPAT /IMPLIB:"B:\visualCode\Project2\Debug\Project2.lib" /MACHINE:X86 Debug\ban.obj
         Debug\bong.obj
         Debug\game.obj
         Debug\main.obj
         Debug\vot.obj
         Project2.vcxproj -> B:\visualCode\Project2\Debug\Project2.exe
     1>Done Building Project "B:\visualCode\Project2\Project2\Project2.vcxproj" (Build target(s)).

Build succeeded.

Time Elapsed 00:00:03.31
